#
# There is insufficient memory for the Java Runtime Environment to continue.
# Native memory allocation (mmap) failed to map 268435456 bytes for Failed to commit area from 0x0000000701800000 to 0x0000000711800000 of length 268435456.
# Possible reasons:
#   The system is out of physical RAM or swap space
#   The process is running with CompressedOops enabled, and the Java Heap may be blocking the growth of the native heap
# Possible solutions:
#   Reduce memory load on the system
#   Increase physical memory or swap space
#   Check if swap backing store is full
#   Decrease Java heap size (-Xmx/-Xms)
#   Decrease number of Java threads
#   Decrease Java thread stack sizes (-Xss)
#   Set larger code cache with -XX:ReservedCodeCacheSize=
# This output file may be truncated or incomplete.
#
#  Out of Memory Error (t:/workspace/open/src/hotspot/os/windows/os_windows.cpp:3269), pid=14772, tid=17812
#
# JRE version:  (11.0.1+13) (build )
# Java VM: Java HotSpot(TM) 64-Bit Server VM (11.0.1+13-LTS, mixed mode, aot, sharing, tiered, compressed oops, g1 gc, windows-amd64)
# No core dump will be written. Minidumps are not enabled by default on client versions of Windows
#

---------------  S U M M A R Y ------------

Command Line: -ea -Didea.test.cyclic.buffer.size=1048576 -javaagent:D:\Program Files\JetBrains\IntelliJ IDEA 2018.2.4\lib\idea_rt.jar=65017:D:\Program Files\JetBrains\IntelliJ IDEA 2018.2.4\bin -Dfile.encoding=UTF-8 com.intellij.rt.execution.junit.JUnitStarter -ideVersion5 -junit4 bg.sofia.uni.fmi.mjt.grep.test.GrepTest,testReaderGetsConsoleInputRight

Host: Intel(R) Core(TM) i5-4690 CPU @ 3.50GHz, 4 cores, 15G,  Windows 10 , 64 bit Build 17134 (10.0.17134.1)
Time: Wed Jan  2 16:25:09 2019 FLE Standard Time elapsed time: 0 seconds (0d 0h 0m 0s)

---------------  T H R E A D  ---------------

Current thread (0x0000020656c9c000):  JavaThread "Unknown thread" [_thread_in_vm, id=17812, stack(0x000000c1cb000000,0x000000c1cb100000)]

Stack: [0x000000c1cb000000,0x000000c1cb100000]
Native frames: (J=compiled Java code, j=interpreted, Vv=VM code, C=native code)
V  [jvm.dll+0x63c21a]
V  [jvm.dll+0x7797df]
V  [jvm.dll+0x77adca]
V  [jvm.dll+0x77b483]
V  [jvm.dll+0x2627f8]
V  [jvm.dll+0x6396ca]
V  [jvm.dll+0x62dfa5]
V  [jvm.dll+0x31699c]
V  [jvm.dll+0x316822]
V  [jvm.dll+0x31c096]
V  [jvm.dll+0x36842f]
V  [jvm.dll+0x367e50]
V  [jvm.dll+0x2f38b8]
V  [jvm.dll+0x2f4a16]
V  [jvm.dll+0x752da7]
V  [jvm.dll+0x7544ef]
V  [jvm.dll+0x375269]
V  [jvm.dll+0x7394a9]
V  [jvm.dll+0x3e467d]
V  [jvm.dll+0x3e6951]
C  [java.exe+0x3603]
C  [java.exe+0x178dc]
C  [KERNEL32.DLL+0x13034]
C  [ntdll.dll+0x73691]


---------------  P R O C E S S  ---------------

Threads class SMR info:
_java_thread_list=0x0000020656a97d30, length=0, elements={
}

Java Threads: ( => current thread )

Other Threads:
  0x0000020656cb3800 GCTaskThread "GC Thread#0" [stack: 0x000000c1cb200000,0x000000c1cb300000] [id=13932]
  0x0000020656d0c800 ConcurrentGCThread "G1 Main Marker" [stack: 0x000000c1cb300000,0x000000c1cb400000] [id=16976]
  0x0000020656d0e000 ConcurrentGCThread "G1 Conc#0" [stack: 0x000000c1cb400000,0x000000c1cb500000] [id=12072]

[error occurred during error reporting (printing all threads), id 0xc0000005, EXCEPTION_ACCESS_VIOLATION (0xc0000005) at pc=0x00007ffee0122137]

VM state:not at safepoint (not fully initialized)

VM Mutex/Monitor currently owned by a thread:  ([mutex/lock_event])
[0x0000020656c9a2d0] Heap_lock - owner thread: 0x0000020656c9c000

Heap address: 0x0000000701800000, size: 4072 MB, Compressed Oops mode: Non-zero based: 0x0000000701800000
Narrow klass base: 0x0000000000000000, Narrow klass shift: 0

GC Heap History (0 events):
No events

Deoptimization events (0 events):
No events

Classes redefined (0 events):
No events

Internal exceptions (0 events):
No events

Events (0 events):
No events


Dynamic libraries:
0x00007ff6dc9f0000 - 0x00007ff6dca37000 	C:\Program Files\Java\jdk-11.0.1\bin\java.exe
0x00007fff1a580000 - 0x00007fff1a761000 	C:\WINDOWS\SYSTEM32\ntdll.dll
0x00007fff185c0000 - 0x00007fff18672000 	C:\WINDOWS\System32\KERNEL32.DLL
0x00007fff16950000 - 0x00007fff16bc3000 	C:\WINDOWS\System32\KERNELBASE.dll
0x00007fff17de0000 - 0x00007fff17e81000 	C:\WINDOWS\System32\ADVAPI32.dll
0x00007fff18760000 - 0x00007fff187fe000 	C:\WINDOWS\System32\msvcrt.dll
0x00007fff17a10000 - 0x00007fff17a6b000 	C:\WINDOWS\System32\sechost.dll
0x00007fff17a70000 - 0x00007fff17b94000 	C:\WINDOWS\System32\RPCRT4.dll
0x00007fff18140000 - 0x00007fff182d0000 	C:\WINDOWS\System32\USER32.dll
0x00007fff17720000 - 0x00007fff17740000 	C:\WINDOWS\System32\win32u.dll
0x00007fff1a120000 - 0x00007fff1a148000 	C:\WINDOWS\System32\GDI32.dll
0x00007fff17580000 - 0x00007fff17712000 	C:\WINDOWS\System32\gdi32full.dll
0x00007fff17890000 - 0x00007fff1792f000 	C:\WINDOWS\System32\msvcp_win.dll
0x00007fff17740000 - 0x00007fff1783a000 	C:\WINDOWS\System32\ucrtbase.dll
0x00007fff0ca40000 - 0x00007fff0cca9000 	C:\WINDOWS\WinSxS\amd64_microsoft.windows.common-controls_6595b64144ccf1df_6.0.17134.471_none_fb3e9aab3068fc16\COMCTL32.dll
0x00007fff1a1b0000 - 0x00007fff1a4d2000 	C:\WINDOWS\System32\combase.dll
0x00007fff17990000 - 0x00007fff17a0a000 	C:\WINDOWS\System32\bcryptPrimitives.dll
0x00007fff0e9f0000 - 0x00007fff0e9fa000 	C:\WINDOWS\SYSTEM32\VERSION.dll
0x00007fff17d50000 - 0x00007fff17d7d000 	C:\WINDOWS\System32\IMM32.DLL
0x00007fff12ed0000 - 0x00007fff12ee6000 	C:\Program Files\Java\jdk-11.0.1\bin\vcruntime140.dll
0x00007ffeee110000 - 0x00007ffeee1ba000 	C:\Program Files\Java\jdk-11.0.1\bin\msvcp140.dll
0x00007ffedfe20000 - 0x00007ffee0962000 	C:\Program Files\Java\jdk-11.0.1\bin\server\jvm.dll
0x00007fff17d40000 - 0x00007fff17d48000 	C:\WINDOWS\System32\PSAPI.DLL
0x00007ffef99d0000 - 0x00007ffef99d9000 	C:\WINDOWS\SYSTEM32\WSOCK32.dll
0x00007fff1a4e0000 - 0x00007fff1a54c000 	C:\WINDOWS\System32\WS2_32.dll
0x00007fff0e9c0000 - 0x00007fff0e9e3000 	C:\WINDOWS\SYSTEM32\WINMM.dll
0x00007fff0e8d0000 - 0x00007fff0e8fa000 	C:\WINDOWS\SYSTEM32\WINMMBASE.dll
0x00007fff17840000 - 0x00007fff17889000 	C:\WINDOWS\System32\cfgmgr32.dll
0x00007fff16910000 - 0x00007fff16921000 	C:\WINDOWS\System32\kernel.appcore.dll
0x00007fff0da50000 - 0x00007fff0da61000 	C:\Program Files\Java\jdk-11.0.1\bin\verify.dll
0x00007fff11c50000 - 0x00007fff11e19000 	C:\WINDOWS\SYSTEM32\DBGHELP.DLL
0x00007fff11bf0000 - 0x00007fff11c19000 	C:\WINDOWS\SYSTEM32\dbgcore.DLL
0x00007fff0cf80000 - 0x00007fff0cfa9000 	C:\Program Files\Java\jdk-11.0.1\bin\java.dll
0x00007ffef8a20000 - 0x00007ffef8a4f000 	C:\Program Files\Java\jdk-11.0.1\bin\instrument.dll
0x00007fff0da30000 - 0x00007fff0da46000 	C:\Program Files\Java\jdk-11.0.1\bin\zip.dll
0x00007fff12ec0000 - 0x00007fff12eca000 	C:\Program Files\Java\jdk-11.0.1\bin\jimage.dll

dbghelp: loaded successfully - version: 4.0.5 - missing functions: none
symbol engine: initialized successfully - sym options: 0x614 - pdb path: .;C:\Program Files\Java\jdk-11.0.1\bin;C:\WINDOWS\SYSTEM32;C:\WINDOWS\WinSxS\amd64_microsoft.windows.common-controls_6595b64144ccf1df_6.0.17134.471_none_fb3e9aab3068fc16;C:\Program Files\Java\jdk-11.0.1\bin\server

VM Arguments:
jvm_args: -ea -Didea.test.cyclic.buffer.size=1048576 -javaagent:D:\Program Files\JetBrains\IntelliJ IDEA 2018.2.4\lib\idea_rt.jar=65017:D:\Program Files\JetBrains\IntelliJ IDEA 2018.2.4\bin -Dfile.encoding=UTF-8 
java_command: com.intellij.rt.execution.junit.JUnitStarter -ideVersion5 -junit4 bg.sofia.uni.fmi.mjt.grep.test.GrepTest,testReaderGetsConsoleInputRight
java_class_path (initial): D:\Program Files\JetBrains\IntelliJ IDEA 2018.2.4\lib\idea_rt.jar;D:\Program Files\JetBrains\IntelliJ IDEA 2018.2.4\plugins\junit\lib\junit-rt.jar;D:\Program Files\JetBrains\IntelliJ IDEA 2018.2.4\plugins\junit\lib\junit5-rt.jar;D:\Projects\Java-Modern-Technologies\homework03 - Multithreaded Grep\out\production\homework03 - Multithreaded Grep;C:\Users\kristiqn.gergov\.m2\repository\junit\junit\4.12\junit-4.12.jar;C:\Users\kristiqn.gergov\.m2\repository\org\hamcrest\hamcrest-core\1.3\hamcrest-core-1.3.jar
Launcher Type: SUN_STANDARD

[Global flags]
     intx CICompilerCount                          = 3                                         {product} {ergonomic}
     uint ConcGCThreads                            = 1                                         {product} {ergonomic}
     uint G1ConcRefinementThreads                  = 4                                         {product} {ergonomic}
   size_t G1HeapRegionSize                         = 1048576                                   {product} {ergonomic}
    uintx GCDrainStackTargetSize                   = 64                                        {product} {ergonomic}
   size_t InitialHeapSize                          = 268435456                                 {product} {ergonomic}
   size_t MarkStackSize                            = 4194304                                   {product} {ergonomic}
   size_t MaxHeapSize                              = 4269801472                                {product} {ergonomic}
   size_t MinHeapDeltaBytes                        = 1048576                                   {product} {ergonomic}
    uintx NonNMethodCodeHeapSize                   = 5830092                                {pd product} {ergonomic}
    uintx NonProfiledCodeHeapSize                  = 122914074                              {pd product} {ergonomic}
    uintx ProfiledCodeHeapSize                     = 122914074                              {pd product} {ergonomic}
    uintx ReservedCodeCacheSize                    = 251658240                              {pd product} {ergonomic}
     bool SegmentedCodeCache                       = true                                      {product} {ergonomic}
     bool UseCompressedClassPointers               = true                                 {lp64_product} {ergonomic}
     bool UseCompressedOops                        = true                                 {lp64_product} {ergonomic}
     bool UseG1GC                                  = true                                      {product} {ergonomic}
     bool UseLargePagesIndividualAllocation        = false                                  {pd product} {ergonomic}

Logging:
Log output configuration:
 #0: stdout all=warning uptime,level,tags
 #1: stderr all=off uptime,level,tags

Environment Variables:
JAVA_HOME=C:\Program Files\Java\jdk-9.0.4
PATH=C:\Program Files (x86)\Common Files\Oracle\Java\javapath;C:\ProgramData\Oracle\Java\javapath;C:\Program Files\Microsoft MPI\Bin\;C:\WINDOWS\system32;C:\WINDOWS;C:\WINDOWS\System32\Wbem;C:\WINDOWS\System32\WindowsPowerShell\v1.0\;C:\Program Files (x86)\GtkSharp\2.12\bin;C:\Program Files (x86)\Microsoft SQL Server\130\DTS\Binn\;C:\Program Files\Microsoft SQL Server\130\Tools\Binn\;C:\Program Files\dotnet\;C:\Program Files (x86)\Microsoft SQL Server\130\Tools\Binn\;C:\Program Files\Microsoft SQL Server\130\DTS\Binn\;C:\Program Files\Microsoft SQL Server\Client SDK\ODBC\130\Tools\Binn\;C:\Program Files\gs\gs9.22\lib;C:\Program Files\gs\gs9.22\bin;C:\Program Files\nodejs\;C:\Program Files\Java\jdk1.8.0_131\bin;D:\Program Files\apache-maven-3.5.2\bin;C:\Users\kristiqn.gergov\AppData\Local\Programs\Python\Python37;C:\Users\kristiqn.gergov\AppData\Local\Programs\Python\Python37\Scripts;C:\WINDOWS\System32\OpenSSH\;D:\Android\Sdk\platform-tools;C:\Program Files (x86)\Microsoft SQL Server\Client SDK\ODBC\130\Tools\Binn\;C:\Program Files (x86)\Microsoft SQL Server\140\Tools\Binn\;C:\Program Files (x86)\Microsoft SQL Server\140\DTS\Binn\;C:\Program Files (x86)\Microsoft SQL Server\140\Tools\Binn\ManagementStudio\;C:\OpenSSL\bin;C:\Program Files\MongoDB\Server\4.0\bin;C:\Program Files (x86)\Windows Kits\8.1\bin\x86;C:\Program Files\Git\cmd;C:\Users\kristiqn.gergov\AppData\Local\Microsoft\WindowsApps;C:\Program Files (x86)\Microsoft VS Code\bin;C:\Users\kristiqn.gergov\AppData\Local\Microsoft\WindowsApps;C:\Users\kristiqn.gergov\AppData\Local\Programs\Fiddler;C:\Users\kristiqn.gergov\AppData\Roaming\npm;C:\Program Files\Java\jdk-11.0.1\bin;D:\Program Files\apache-maven-3.5.2\bin;C:\Program Files\Heroku\bin;C:\Users\kristiqn.gergov\AppData\Local\Programs\Microsoft VS Code\bin;
USERNAME=kristiqn.gergov
OS=Windows_NT
PROCESSOR_IDENTIFIER=Intel64 Family 6 Model 60 Stepping 3, GenuineIntel



---------------  S Y S T E M  ---------------

OS: Windows 10 , 64 bit Build 17134 (10.0.17134.1)

CPU:total 4 (initial active 4) (4 cores per cpu, 1 threads per core) family 6 model 60 stepping 3, cmov, cx8, fxsr, mmx, sse, sse2, sse3, ssse3, sse4.1, sse4.2, popcnt, avx, avx2, aes, clmul, erms, lzcnt, tsc, tscinvbit, bmi1, bmi2, fma

Memory: 4k page, system-wide physical 16281M (2646M free)
TotalPageFile size 16281M (AvailPageFile size 237M)
current process WorkingSet (physical memory assigned to process): 10M, peak: 10M
current process commit charge ("private bytes"): 52M, peak: 308M

vm_info: Java HotSpot(TM) 64-Bit Server VM (11.0.1+13-LTS) for windows-amd64 JRE (11.0.1+13-LTS), built on Oct  6 2018 13:20:16 by "mach5one" with MS VC++ 15.5 (VS2017)

END.
